<?xml version="1.0" encoding="UTF-8"?>
<repositories>
  <connection>
    <name>repository-example1</name>
    <server>repository-example1</server>
    <type>POSTGRESQL</type>
    <access>Native</access>
    <database>kettle</database>
    <port>5432</port>
    <username>rossonet</username>
    <password>password1</password>
    <servername/>
    <data_tablespace/>
    <index_tablespace/>
    <attributes>
      <attribute><code>FORCE_IDENTIFIERS_TO_LOWERCASE</code><attribute>N</attribute></attribute>
      <attribute><code>FORCE_IDENTIFIERS_TO_UPPERCASE</code><attribute>N</attribute></attribute>
      <attribute><code>IS_CLUSTERED</code><attribute>N</attribute></attribute>
      <attribute><code>PORT_NUMBER</code><attribute>5432</attribute></attribute>
      <attribute><code>PRESERVE_RESERVED_WORD_CASE</code><attribute>Y</attribute></attribute>
      <attribute><code>QUOTE_ALL_FIELDS</code><attribute>N</attribute></attribute>
      <attribute><code>SUPPORTS_BOOLEAN_DATA_TYPE</code><attribute>Y</attribute></attribute>
      <attribute><code>SUPPORTS_TIMESTAMP_DATA_TYPE</code><attribute>Y</attribute></attribute>
      <attribute><code>USE_POOLING</code><attribute>N</attribute></attribute>
    </attributes>
  </connection> <repository>
    <id>KettleDatabaseRepository</id>
    <name>Repository repository-example1</name>
    <description>KubernetesRepository configuration:
KettleRepositorySpec [databaseName=kettle, image=rossonet/kettle-repository:latest, replicas=1, repositoryUrl=https://www.rossonet.net/dati/pdi/repository/kettle.sql.gz, repositoryUsername=kettle_user, username=rossonet]</description>
    <is_default>false</is_default>
    <connection>repository-example1</connection>
  </repository></repositories>

